[debug] [2025-05-10T19:48:38.863Z] ----------------------------------------------------------------------
[debug] [2025-05-10T19:48:38.865Z] Command:       C:\Program Files\nodejs\node.exe C:\Users\angir\AppData\Roaming\npm\node_modules\firebase-tools\lib\bin\firebase.js init
[debug] [2025-05-10T19:48:38.865Z] CLI Version:   14.3.1
[debug] [2025-05-10T19:48:38.865Z] Platform:      win32
[debug] [2025-05-10T19:48:38.866Z] Node Version:  v22.14.0
[debug] [2025-05-10T19:48:38.866Z] Time:          Sat May 10 2025 21:48:38 GMT+0200 (Ora legale dell’Europa centrale)
[debug] [2025-05-10T19:48:38.866Z] ----------------------------------------------------------------------
[debug] 
[debug] [2025-05-10T19:48:39.044Z] > command requires scopes: ["email","openid","https://www.googleapis.com/auth/cloudplatformprojects.readonly","https://www.googleapis.com/auth/firebase","https://www.googleapis.com/auth/cloud-platform"]
[debug] [2025-05-10T19:48:39.045Z] > authorizing via signed-in user (angirosace99@gmail.com)
[info] 
     ######## #### ########  ######## ########     ###     ######  ########
     ##        ##  ##     ## ##       ##     ##  ##   ##  ##       ##
     ######    ##  ########  ######   ########  #########  ######  ######
     ##        ##  ##    ##  ##       ##     ## ##     ##       ## ##
     ##       #### ##     ## ######## ########  ##     ##  ######  ########

You're about to initialize a Firebase project in this directory:

  C:\Users\angir\desktop\earthPulse

Before we get started, keep in mind:

  * You are initializing within an existing Firebase project directory

[info] 
=== Project Setup
[info] 
[info] First, let's associate this project directory with a Firebase project.
[info] You can create multiple project aliases by running firebase use --add, 
[info] but for now we'll just set up a default project.
[info] 
[debug] [2025-05-10T19:48:51.327Z] Using project from CLI flag: earthpulse-1d65c
[debug] [2025-05-10T19:48:51.329Z] Checked if tokens are valid: true, expires at: 1746909088095
[debug] [2025-05-10T19:48:51.329Z] Checked if tokens are valid: true, expires at: 1746909088095
[debug] [2025-05-10T19:48:51.330Z] >>> [apiv2][query] GET https://firebase.googleapis.com/v1beta1/projects/earthpulse-1d65c [none]
[debug] [2025-05-10T19:48:51.642Z] <<< [apiv2][status] GET https://firebase.googleapis.com/v1beta1/projects/earthpulse-1d65c 200
[debug] [2025-05-10T19:48:51.642Z] <<< [apiv2][body] GET https://firebase.googleapis.com/v1beta1/projects/earthpulse-1d65c {"projectId":"earthpulse-1d65c","projectNumber":"1090399549858","displayName":"earthPulse","name":"projects/earthpulse-1d65c","resources":{"hostingSite":"earthpulse-1d65c"},"state":"ACTIVE","etag":"1_a1517ea4-86a8-49a6-82b5-7e68b13d75ea"}
[info] i  Using project earthpulse-1d65c (earthPulse) 
[info] 
=== Hosting Setup
[debug] [2025-05-10T19:48:51.649Z] Checked if tokens are valid: true, expires at: 1746909088095
[debug] [2025-05-10T19:48:51.649Z] Checked if tokens are valid: true, expires at: 1746909088095
[debug] [2025-05-10T19:48:51.649Z] >>> [apiv2][query] GET https://firebase.googleapis.com/v1beta1/projects/earthpulse-1d65c [none]
[debug] [2025-05-10T19:48:51.854Z] <<< [apiv2][status] GET https://firebase.googleapis.com/v1beta1/projects/earthpulse-1d65c 200
[debug] [2025-05-10T19:48:51.855Z] <<< [apiv2][body] GET https://firebase.googleapis.com/v1beta1/projects/earthpulse-1d65c {"projectId":"earthpulse-1d65c","projectNumber":"1090399549858","displayName":"earthPulse","name":"projects/earthpulse-1d65c","resources":{"hostingSite":"earthpulse-1d65c"},"state":"ACTIVE","etag":"1_a1517ea4-86a8-49a6-82b5-7e68b13d75ea"}
[info] 
[info] Your public directory is the folder (relative to your project directory) that
[info] will contain Hosting assets to be uploaded with firebase deploy. If you
[info] have a build process for your assets, use your build's output directory.
[info] 
